2020-06-11 03:38:39.643  INFO 1 --- [           main] trationDelegate$BeanPostProcessorChecker : Bean 'org.springframework.cloud.autoconfigure.ConfigurationPropertiesRebinderAutoConfiguration' of type [org.springframework.cloud.autoconfigure.ConfigurationPropertiesRebinderAutoConfiguration$$EnhancerBySpringCGLIB$$59e54dec] is not eligible for getting processed by all BeanPostProcessors (for example: not eligible for auto-proxying)

  .   ____          _            __ _ _
 /\\ / ___'_ __ _ _(_)_ __  __ _ \ \ \ \
( ( )\___ | '_ | '_| | '_ \/ _` | \ \ \ \
 \\/  ___)| |_)| | | | | || (_| |  ) ) ) )
  '  |____| .__|_| |_|_| |_\__, | / / / /
 =========|_|==============|___/=/_/_/_/
 :: Spring Boot ::       (v2.1.13.RELEASE)

2020-06-11 03:38:41.436  INFO 1 --- [           main] c.c.c.ConfigServicePropertySourceLocator : Fetching config from server at : http://localhost:8888
2020-06-11 03:38:42.449  INFO 1 --- [           main] c.c.c.ConfigServicePropertySourceLocator : Connect Timeout Exception on Url - http://localhost:8888. Will be trying the next url if available
2020-06-11 03:38:42.449  WARN 1 --- [           main] c.c.c.ConfigServicePropertySourceLocator : Could not locate PropertySource: I/O error on GET request for "http://localhost:8888/log-sink/default": Connection refused (Connection refused); nested exception is java.net.ConnectException: Connection refused (Connection refused)
2020-06-11 03:38:42.476  INFO 1 --- [           main] o.s.c.s.a.l.s.k.LogSinkKafkaApplication  : No active profile set, falling back to default profiles: default
2020-06-11 03:38:53.271  INFO 1 --- [           main] o.s.cloud.context.scope.GenericScope     : BeanFactory id=d3be083e-7933-396b-9d61-e6167e626549
2020-06-11 03:38:53.352  INFO 1 --- [           main] faultConfiguringBeanFactoryPostProcessor : No bean named 'errorChannel' has been explicitly defined. Therefore, a default PublishSubscribeChannel will be created.
2020-06-11 03:38:53.433  INFO 1 --- [           main] faultConfiguringBeanFactoryPostProcessor : No bean named 'taskScheduler' has been explicitly defined. Therefore, a default ThreadPoolTaskScheduler will be created.
2020-06-11 03:38:53.471  INFO 1 --- [           main] faultConfiguringBeanFactoryPostProcessor : No bean named 'integrationHeaderChannelRegistry' has been explicitly defined. Therefore, a default DefaultHeaderChannelRegistry will be created.
2020-06-11 03:38:54.073  INFO 1 --- [           main] trationDelegate$BeanPostProcessorChecker : Bean 'org.springframework.kafka.annotation.KafkaBootstrapConfiguration' of type [org.springframework.kafka.annotation.KafkaBootstrapConfiguration$$EnhancerBySpringCGLIB$$117d5c72] is not eligible for getting processed by all BeanPostProcessors (for example: not eligible for auto-proxying)
2020-06-11 03:38:54.248  INFO 1 --- [           main] trationDelegate$BeanPostProcessorChecker : Bean 'org.springframework.ws.config.annotation.DelegatingWsConfiguration' of type [org.springframework.ws.config.annotation.DelegatingWsConfiguration$$EnhancerBySpringCGLIB$$e2630fee] is not eligible for getting processed by all BeanPostProcessors (for example: not eligible for auto-proxying)
2020-06-11 03:38:54.470  INFO 1 --- [           main] .w.s.a.s.AnnotationActionEndpointMapping : Supporting [WS-Addressing August 2004, WS-Addressing 1.0]
2020-06-11 03:38:54.560  INFO 1 --- [           main] trationDelegate$BeanPostProcessorChecker : Bean 'integrationDisposableAutoCreatedBeans' of type [org.springframework.integration.config.annotation.Disposables] is not eligible for getting processed by all BeanPostProcessors (for example: not eligible for auto-proxying)
2020-06-11 03:38:54.838  INFO 1 --- [           main] trationDelegate$BeanPostProcessorChecker : Bean 'org.springframework.integration.config.IntegrationManagementConfiguration' of type [org.springframework.integration.config.IntegrationManagementConfiguration$$EnhancerBySpringCGLIB$$a8bd061e] is not eligible for getting processed by all BeanPostProcessors (for example: not eligible for auto-proxying)
2020-06-11 03:38:54.876  INFO 1 --- [           main] trationDelegate$BeanPostProcessorChecker : Bean 'org.springframework.boot.autoconfigure.integration.IntegrationAutoConfiguration$IntegrationJmxConfiguration' of type [org.springframework.boot.autoconfigure.integration.IntegrationAutoConfiguration$IntegrationJmxConfiguration$$EnhancerBySpringCGLIB$$844f113e] is not eligible for getting processed by all BeanPostProcessors (for example: not eligible for auto-proxying)
2020-06-11 03:38:55.058  INFO 1 --- [           main] trationDelegate$BeanPostProcessorChecker : Bean 'org.springframework.boot.autoconfigure.jmx.JmxAutoConfiguration' of type [org.springframework.boot.autoconfigure.jmx.JmxAutoConfiguration$$EnhancerBySpringCGLIB$$bd36ba0b] is not eligible for getting processed by all BeanPostProcessors (for example: not eligible for auto-proxying)
2020-06-11 03:38:55.146  INFO 1 --- [           main] trationDelegate$BeanPostProcessorChecker : Bean 'mbeanServer' of type [com.sun.jmx.mbeanserver.JmxMBeanServer] is not eligible for getting processed by all BeanPostProcessors (for example: not eligible for auto-proxying)
2020-06-11 03:38:55.243  INFO 1 --- [           main] trationDelegate$BeanPostProcessorChecker : Bean 'org.springframework.cloud.autoconfigure.ConfigurationPropertiesRebinderAutoConfiguration' of type [org.springframework.cloud.autoconfigure.ConfigurationPropertiesRebinderAutoConfiguration$$EnhancerBySpringCGLIB$$59e54dec] is not eligible for getting processed by all BeanPostProcessors (for example: not eligible for auto-proxying)
2020-06-11 03:38:57.570  INFO 1 --- [           main] o.s.b.w.embedded.tomcat.TomcatWebServer  : Tomcat initialized with port(s): 8080 (http)
2020-06-11 03:38:57.827  INFO 1 --- [           main] o.apache.catalina.core.StandardService   : Starting service [Tomcat]
2020-06-11 03:38:57.831  INFO 1 --- [           main] org.apache.catalina.core.StandardEngine  : Starting Servlet engine: [Apache Tomcat/9.0.31]
2020-06-11 03:38:58.530  INFO 1 --- [           main] o.a.c.c.C.[Tomcat].[localhost].[/]       : Initializing Spring embedded WebApplicationContext
2020-06-11 03:38:58.530  INFO 1 --- [           main] o.s.web.context.ContextLoader            : Root WebApplicationContext: initialization completed in 15888 ms
2020-06-11 03:39:02.833  INFO 1 --- [           main] o.s.s.c.ThreadPoolTaskScheduler          : Initializing ExecutorService 'taskScheduler'
2020-06-11 03:39:08.051  INFO 1 --- [           main] o.s.s.concurrent.ThreadPoolTaskExecutor  : Initializing ExecutorService 'applicationTaskExecutor'
2020-06-11 03:39:11.126  INFO 1 --- [           main] .s.s.UserDetailsServiceAutoConfiguration :

Using generated security password: fa66e281-afd7-4f7a-8d99-b2274bba55d7

2020-06-11 03:39:11.847  INFO 1 --- [           main] o.s.s.web.DefaultSecurityFilterChain     : Creating filter chain: any request, [org.springframework.security.web.context.request.async.WebAsyncManagerIntegrationFilter@6d24ffa1, org.springframework.security.web.context.SecurityContextPersistenceFilter@2f9a01c1, org.springframework.security.web.header.HeaderWriterFilter@78fb9a67, org.springframework.security.web.csrf.CsrfFilter@33e01298, org.springframework.security.web.authentication.logout.LogoutFilter@5b64c4b7, org.springframework.security.web.authentication.UsernamePasswordAuthenticationFilter@47dbb1e2, org.springframework.security.web.authentication.ui.DefaultLoginPageGeneratingFilter@5778826f, org.springframework.security.web.authentication.ui.DefaultLogoutPageGeneratingFilter@65a4798f, org.springframework.security.web.authentication.www.BasicAuthenticationFilter@55e8ec2f, org.springframework.security.web.savedrequest.RequestCacheAwareFilter@54227100, org.springframework.security.web.servletapi.SecurityContextHolderAwareRequestFilter@3f446bef, org.springframework.security.web.authentication.AnonymousAuthenticationFilter@773f7880, org.springframework.security.web.session.SessionManagementFilter@21aa6d6c, org.springframework.security.web.access.ExceptionTranslationFilter@a5b0b86, org.springframework.security.web.access.intercept.FilterSecurityInterceptor@293d0107]
2020-06-11 03:39:13.337  INFO 1 --- [           main] o.s.b.a.e.web.EndpointLinksResolver      : Exposing 3 endpoint(s) beneath base path '/actuator'
2020-06-11 03:39:14.748  INFO 1 --- [           main] o.s.i.monitor.IntegrationMBeanExporter   : Registering MessageChannel nullChannel
2020-06-11 03:39:14.933  INFO 1 --- [           main] o.s.i.monitor.IntegrationMBeanExporter   : Registering MessageChannel input
2020-06-11 03:39:15.542  INFO 1 --- [           main] o.s.i.monitor.IntegrationMBeanExporter   : Registering MessageChannel errorChannel
2020-06-11 03:39:15.849  INFO 1 --- [           main] o.s.i.monitor.IntegrationMBeanExporter   : Registering MessageHandler org.springframework.cloud.stream.app.log.sink.LogSinkConfiguration.logSinkHandler.serviceActivator
2020-06-11 03:39:16.062  INFO 1 --- [           main] o.s.i.monitor.IntegrationMBeanExporter   : Registering MessageHandler logSinkHandler
2020-06-11 03:39:16.535  INFO 1 --- [           main] o.s.i.monitor.IntegrationMBeanExporter   : Registering MessageHandler errorLogger
2020-06-11 03:39:16.645  INFO 1 --- [           main] o.s.i.endpoint.EventDrivenConsumer       : Adding {logging-channel-adapter:_org.springframework.integration.errorLogger} as a subscriber to the 'errorChannel' channel
2020-06-11 03:39:16.646  INFO 1 --- [           main] o.s.i.channel.PublishSubscribeChannel    : Channel 'application-1.errorChannel' has 1 subscriber(s).
2020-06-11 03:39:16.646  INFO 1 --- [           main] o.s.i.endpoint.EventDrivenConsumer       : started _org.springframework.integration.errorLogger
2020-06-11 03:39:16.646  INFO 1 --- [           main] o.s.i.endpoint.EventDrivenConsumer       : Adding {message-handler:org.springframework.cloud.stream.app.log.sink.LogSinkConfiguration.logSinkHandler.serviceActivator} as a subscriber to the 'input' channel
2020-06-11 03:39:16.647  INFO 1 --- [           main] o.s.c.s.m.DirectWithAttributesChannel    : Channel 'application-1.input' has 1 subscriber(s).
2020-06-11 03:39:16.647  INFO 1 --- [           main] o.s.i.endpoint.EventDrivenConsumer       : started org.springframework.cloud.stream.app.log.sink.LogSinkConfiguration.logSinkHandler.serviceActivator
2020-06-11 03:39:17.050  INFO 1 --- [           main] c.c.c.ConfigServicePropertySourceLocator : Fetching config from server at : http://localhost:8888
2020-06-11 03:39:17.131  INFO 1 --- [           main] c.c.c.ConfigServicePropertySourceLocator : Connect Timeout Exception on Url - http://localhost:8888. Will be trying the next url if available
2020-06-11 03:39:17.131  WARN 1 --- [           main] c.c.c.ConfigServicePropertySourceLocator : Could not locate PropertySource: I/O error on GET request for "http://localhost:8888//default": Connection refused (Connection refused); nested exception is java.net.ConnectException: Connection refused (Connection refused)
2020-06-11 03:39:18.739  INFO 1 --- [           main] o.a.k.clients.admin.AdminClientConfig    : AdminClientConfig values:
	bootstrap.servers = [10.47.250.42:9092]
	client.id =
	connections.max.idle.ms = 300000
	metadata.max.age.ms = 300000
	metric.reporters = []
	metrics.num.samples = 2
	metrics.recording.level = INFO
	metrics.sample.window.ms = 30000
	receive.buffer.bytes = 65536
	reconnect.backoff.max.ms = 1000
	reconnect.backoff.ms = 50
	request.timeout.ms = 120000
	retries = 5
	retry.backoff.ms = 100
	sasl.client.callback.handler.class = null
	sasl.jaas.config = null
	sasl.kerberos.kinit.cmd = /usr/bin/kinit
	sasl.kerberos.min.time.before.relogin = 60000
	sasl.kerberos.service.name = null
	sasl.kerberos.ticket.renew.jitter = 0.05
	sasl.kerberos.ticket.renew.window.factor = 0.8
	sasl.login.callback.handler.class = null
	sasl.login.class = null
	sasl.login.refresh.buffer.seconds = 300
	sasl.login.refresh.min.period.seconds = 60
	sasl.login.refresh.window.factor = 0.8
	sasl.login.refresh.window.jitter = 0.05
	sasl.mechanism = GSSAPI
	security.protocol = PLAINTEXT
	send.buffer.bytes = 131072
	ssl.cipher.suites = null
	ssl.enabled.protocols = [TLSv1.2, TLSv1.1, TLSv1]
	ssl.endpoint.identification.algorithm = https
	ssl.key.password = null
	ssl.keymanager.algorithm = SunX509
	ssl.keystore.location = null
	ssl.keystore.password = null
	ssl.keystore.type = JKS
	ssl.protocol = TLS
	ssl.provider = null
	ssl.secure.random.implementation = null
	ssl.trustmanager.algorithm = PKIX
	ssl.truststore.location = null
	ssl.truststore.password = null
	ssl.truststore.type = JKS

2020-06-11 03:39:19.151  INFO 1 --- [           main] o.a.kafka.common.utils.AppInfoParser     : Kafka version : 2.0.1
2020-06-11 03:39:19.151  INFO 1 --- [           main] o.a.kafka.common.utils.AppInfoParser     : Kafka commitId : fa14705e51bd2ce5
2020-06-11 03:39:20.449  INFO 1 --- [           main] o.a.k.clients.consumer.ConsumerConfig    : ConsumerConfig values:
	auto.commit.interval.ms = 100
	auto.offset.reset = earliest
	bootstrap.servers = [10.47.250.42:9092]
	check.crcs = true
	client.id =
	connections.max.idle.ms = 540000
	default.api.timeout.ms = 60000
	enable.auto.commit = false
	exclude.internal.topics = true
	fetch.max.bytes = 52428800
	fetch.max.wait.ms = 500
	fetch.min.bytes = 1
	group.id = pass-through-log-test
	heartbeat.interval.ms = 3000
	interceptor.classes = []
	internal.leave.group.on.close = true
	isolation.level = read_uncommitted
	key.deserializer = class org.apache.kafka.common.serialization.ByteArrayDeserializer
	max.partition.fetch.bytes = 1048576
	max.poll.interval.ms = 300000
	max.poll.records = 500
	metadata.max.age.ms = 300000
	metric.reporters = []
	metrics.num.samples = 2
	metrics.recording.level = INFO
	metrics.sample.window.ms = 30000
	partition.assignment.strategy = [class org.apache.kafka.clients.consumer.RangeAssignor]
	receive.buffer.bytes = 65536
	reconnect.backoff.max.ms = 1000
	reconnect.backoff.ms = 50
	request.timeout.ms = 30000
	retry.backoff.ms = 100
	sasl.client.callback.handler.class = null
	sasl.jaas.config = null
	sasl.kerberos.kinit.cmd = /usr/bin/kinit
	sasl.kerberos.min.time.before.relogin = 60000
	sasl.kerberos.service.name = null
	sasl.kerberos.ticket.renew.jitter = 0.05
	sasl.kerberos.ticket.renew.window.factor = 0.8
	sasl.login.callback.handler.class = null
	sasl.login.class = null
	sasl.login.refresh.buffer.seconds = 300
	sasl.login.refresh.min.period.seconds = 60
	sasl.login.refresh.window.factor = 0.8
	sasl.login.refresh.window.jitter = 0.05
	sasl.mechanism = GSSAPI
	security.protocol = PLAINTEXT
	send.buffer.bytes = 131072
	session.timeout.ms = 10000
	ssl.cipher.suites = null
	ssl.enabled.protocols = [TLSv1.2, TLSv1.1, TLSv1]
	ssl.endpoint.identification.algorithm = https
	ssl.key.password = null
	ssl.keymanager.algorithm = SunX509
	ssl.keystore.location = null
	ssl.keystore.password = null
	ssl.keystore.type = JKS
	ssl.protocol = TLS
	ssl.provider = null
	ssl.secure.random.implementation = null
	ssl.trustmanager.algorithm = PKIX
	ssl.truststore.location = null
	ssl.truststore.password = null
	ssl.truststore.type = JKS
	value.deserializer = class org.apache.kafka.common.serialization.ByteArrayDeserializer

2020-06-11 03:39:22.336  INFO 1 --- [           main] o.a.kafka.common.utils.AppInfoParser     : Kafka version : 2.0.1
2020-06-11 03:39:22.336  INFO 1 --- [           main] o.a.kafka.common.utils.AppInfoParser     : Kafka commitId : fa14705e51bd2ce5
2020-06-11 03:39:22.346  INFO 1 --- [           main] org.apache.kafka.clients.Metadata        : Cluster ID: KuUMJVLiTxqzN9PkzDB0lA
2020-06-11 03:39:23.732  INFO 1 --- [           main] o.s.i.monitor.IntegrationMBeanExporter   : Registering MessageChannel pass-through-log-test.pass-through-log.pass-through-log-test.errors
2020-06-11 03:39:24.540  INFO 1 --- [           main] o.s.c.stream.binder.BinderErrorChannel   : Channel 'application-1.pass-through-log-test.pass-through-log.pass-through-log-test.errors' has 1 subscriber(s).
2020-06-11 03:39:24.541  INFO 1 --- [           main] o.s.c.stream.binder.BinderErrorChannel   : Channel 'application-1.pass-through-log-test.pass-through-log.pass-through-log-test.errors' has 0 subscriber(s).
2020-06-11 03:39:24.541  INFO 1 --- [           main] o.s.c.stream.binder.BinderErrorChannel   : Channel 'application-1.pass-through-log-test.pass-through-log.pass-through-log-test.errors' has 1 subscriber(s).
2020-06-11 03:39:24.542  INFO 1 --- [           main] o.s.c.stream.binder.BinderErrorChannel   : Channel 'application-1.pass-through-log-test.pass-through-log.pass-through-log-test.errors' has 2 subscriber(s).
2020-06-11 03:39:24.628  INFO 1 --- [           main] o.a.k.clients.consumer.ConsumerConfig    : ConsumerConfig values:
	auto.commit.interval.ms = 100
	auto.offset.reset = earliest
	bootstrap.servers = [10.47.250.42:9092]
	check.crcs = true
	client.id =
	connections.max.idle.ms = 540000
	default.api.timeout.ms = 60000
	enable.auto.commit = false
	exclude.internal.topics = true
	fetch.max.bytes = 52428800
	fetch.max.wait.ms = 500
	fetch.min.bytes = 1
	group.id = pass-through-log-test
	heartbeat.interval.ms = 3000
	interceptor.classes = []
	internal.leave.group.on.close = true
	isolation.level = read_uncommitted
	key.deserializer = class org.apache.kafka.common.serialization.ByteArrayDeserializer
	max.partition.fetch.bytes = 1048576
	max.poll.interval.ms = 300000
	max.poll.records = 500
	metadata.max.age.ms = 300000
	metric.reporters = []
	metrics.num.samples = 2
	metrics.recording.level = INFO
	metrics.sample.window.ms = 30000
	partition.assignment.strategy = [class org.apache.kafka.clients.consumer.RangeAssignor]
	receive.buffer.bytes = 65536
	reconnect.backoff.max.ms = 1000
	reconnect.backoff.ms = 50
	request.timeout.ms = 30000
	retry.backoff.ms = 100
	sasl.client.callback.handler.class = null
	sasl.jaas.config = null
	sasl.kerberos.kinit.cmd = /usr/bin/kinit
	sasl.kerberos.min.time.before.relogin = 60000
	sasl.kerberos.service.name = null
	sasl.kerberos.ticket.renew.jitter = 0.05
	sasl.kerberos.ticket.renew.window.factor = 0.8
	sasl.login.callback.handler.class = null
	sasl.login.class = null
	sasl.login.refresh.buffer.seconds = 300
	sasl.login.refresh.min.period.seconds = 60
	sasl.login.refresh.window.factor = 0.8
	sasl.login.refresh.window.jitter = 0.05
	sasl.mechanism = GSSAPI
	security.protocol = PLAINTEXT
	send.buffer.bytes = 131072
	session.timeout.ms = 10000
	ssl.cipher.suites = null
	ssl.enabled.protocols = [TLSv1.2, TLSv1.1, TLSv1]
	ssl.endpoint.identification.algorithm = https
	ssl.key.password = null
	ssl.keymanager.algorithm = SunX509
	ssl.keystore.location = null
	ssl.keystore.password = null
	ssl.keystore.type = JKS
	ssl.protocol = TLS
	ssl.provider = null
	ssl.secure.random.implementation = null
	ssl.trustmanager.algorithm = PKIX
	ssl.truststore.location = null
	ssl.truststore.password = null
	ssl.truststore.type = JKS
	value.deserializer = class org.apache.kafka.common.serialization.ByteArrayDeserializer

2020-06-11 03:39:25.627  INFO 1 --- [           main] o.a.kafka.common.utils.AppInfoParser     : Kafka version : 2.0.1
2020-06-11 03:39:25.628  INFO 1 --- [           main] o.a.kafka.common.utils.AppInfoParser     : Kafka commitId : fa14705e51bd2ce5
2020-06-11 03:39:25.725  INFO 1 --- [           main] org.apache.kafka.clients.Metadata        : Cluster ID: KuUMJVLiTxqzN9PkzDB0lA
2020-06-11 03:39:26.747  INFO 1 --- [           main] o.a.k.clients.consumer.ConsumerConfig    : ConsumerConfig values:
	auto.commit.interval.ms = 100
	auto.offset.reset = earliest
	bootstrap.servers = [10.47.250.42:9092]
	check.crcs = true
	client.id =
	connections.max.idle.ms = 540000
	default.api.timeout.ms = 60000
	enable.auto.commit = false
	exclude.internal.topics = true
	fetch.max.bytes = 52428800
	fetch.max.wait.ms = 500
	fetch.min.bytes = 1
	group.id = pass-through-log-test
	heartbeat.interval.ms = 3000
	interceptor.classes = []
	internal.leave.group.on.close = true
	isolation.level = read_uncommitted
	key.deserializer = class org.apache.kafka.common.serialization.ByteArrayDeserializer
	max.partition.fetch.bytes = 1048576
	max.poll.interval.ms = 300000
	max.poll.records = 500
	metadata.max.age.ms = 300000
	metric.reporters = []
	metrics.num.samples = 2
	metrics.recording.level = INFO
	metrics.sample.window.ms = 30000
	partition.assignment.strategy = [class org.apache.kafka.clients.consumer.RangeAssignor]
	receive.buffer.bytes = 65536
	reconnect.backoff.max.ms = 1000
	reconnect.backoff.ms = 50
	request.timeout.ms = 30000
	retry.backoff.ms = 100
	sasl.client.callback.handler.class = null
	sasl.jaas.config = null
	sasl.kerberos.kinit.cmd = /usr/bin/kinit
	sasl.kerberos.min.time.before.relogin = 60000
	sasl.kerberos.service.name = null
	sasl.kerberos.ticket.renew.jitter = 0.05
	sasl.kerberos.ticket.renew.window.factor = 0.8
	sasl.login.callback.handler.class = null
	sasl.login.class = null
	sasl.login.refresh.buffer.seconds = 300
	sasl.login.refresh.min.period.seconds = 60
	sasl.login.refresh.window.factor = 0.8
	sasl.login.refresh.window.jitter = 0.05
	sasl.mechanism = GSSAPI
	security.protocol = PLAINTEXT
	send.buffer.bytes = 131072
	session.timeout.ms = 10000
	ssl.cipher.suites = null
	ssl.enabled.protocols = [TLSv1.2, TLSv1.1, TLSv1]
	ssl.endpoint.identification.algorithm = https
	ssl.key.password = null
	ssl.keymanager.algorithm = SunX509
	ssl.keystore.location = null
	ssl.keystore.password = null
	ssl.keystore.type = JKS
	ssl.protocol = TLS
	ssl.provider = null
	ssl.secure.random.implementation = null
	ssl.trustmanager.algorithm = PKIX
	ssl.truststore.location = null
	ssl.truststore.password = null
	ssl.truststore.type = JKS
	value.deserializer = class org.apache.kafka.common.serialization.ByteArrayDeserializer

2020-06-11 03:39:27.434  INFO 1 --- [           main] o.a.kafka.common.utils.AppInfoParser     : Kafka version : 2.0.1
2020-06-11 03:39:27.434  INFO 1 --- [           main] o.a.kafka.common.utils.AppInfoParser     : Kafka commitId : fa14705e51bd2ce5
2020-06-11 03:39:27.439  INFO 1 --- [           main] o.s.s.c.ThreadPoolTaskScheduler          : Initializing ExecutorService
2020-06-11 03:39:27.449  INFO 1 --- [           main] s.i.k.i.KafkaMessageDrivenChannelAdapter : started org.springframework.integration.kafka.inbound.KafkaMessageDrivenChannelAdapter@2b27cc70
2020-06-11 03:39:27.550  INFO 1 --- [container-0-C-1] org.apache.kafka.clients.Metadata        : Cluster ID: KuUMJVLiTxqzN9PkzDB0lA
2020-06-11 03:39:27.626  INFO 1 --- [container-0-C-1] o.a.k.c.c.internals.AbstractCoordinator  : [Consumer clientId=consumer-3, groupId=pass-through-log-test] Discovered group coordinator 10.44.91.21:9092 (id: 2147483647 rack: null)
2020-06-11 03:39:27.639  INFO 1 --- [container-0-C-1] o.a.k.c.c.internals.ConsumerCoordinator  : [Consumer clientId=consumer-3, groupId=pass-through-log-test] Revoking previously assigned partitions []
2020-06-11 03:39:27.639  INFO 1 --- [container-0-C-1] o.s.c.s.b.k.KafkaMessageChannelBinder$1  : partitions revoked: []
2020-06-11 03:39:27.640  INFO 1 --- [container-0-C-1] o.a.k.c.c.internals.AbstractCoordinator  : [Consumer clientId=consumer-3, groupId=pass-through-log-test] (Re-)joining group
2020-06-11 03:39:27.932  INFO 1 --- [           main] o.s.b.w.embedded.tomcat.TomcatWebServer  : Tomcat started on port(s): 8080 (http) with context path ''
2020-06-11 03:39:27.940  INFO 1 --- [           main] o.s.c.s.a.l.s.k.LogSinkKafkaApplication  : Started LogSinkKafkaApplication in 62.111 seconds (JVM running for 65.665)
2020-06-11 03:39:30.662  INFO 1 --- [container-0-C-1] o.a.k.c.c.internals.AbstractCoordinator  : [Consumer clientId=consumer-3, groupId=pass-through-log-test] Successfully joined group with generation 41
2020-06-11 03:39:30.669  INFO 1 --- [container-0-C-1] o.a.k.c.c.internals.ConsumerCoordinator  : [Consumer clientId=consumer-3, groupId=pass-through-log-test] Setting newly assigned partitions [pass-through-log-test.pass-through-log-0]
2020-06-11 03:39:30.681  INFO 1 --- [container-0-C-1] o.s.c.s.b.k.KafkaMessageChannelBinder$1  : partitions assigned: [pass-through-log-test.pass-through-log-0]
2020-06-11 03:40:17.334  INFO 1 --- [nio-8080-exec-1] o.a.c.c.C.[Tomcat].[localhost].[/]       : Initializing Spring DispatcherServlet 'dispatcherServlet'
2020-06-11 03:40:17.334  INFO 1 --- [nio-8080-exec-1] o.s.web.servlet.DispatcherServlet        : Initializing Servlet 'dispatcherServlet'
2020-06-11 03:40:17.351  INFO 1 --- [nio-8080-exec-1] o.s.web.servlet.DispatcherServlet        : Completed initialization in 17 ms
2020-06-11 03:40:17.749  INFO 1 --- [nio-8080-exec-1] c.c.c.ConfigServicePropertySourceLocator : Fetching config from server at : http://localhost:8888
2020-06-11 03:40:17.837  INFO 1 --- [nio-8080-exec-1] c.c.c.ConfigServicePropertySourceLocator : Connect Timeout Exception on Url - http://localhost:8888. Will be trying the next url if available
2020-06-11 03:40:17.837  WARN 1 --- [nio-8080-exec-1] c.c.c.ConfigServicePropertySourceLocator : Could not locate PropertySource: I/O error on GET request for "http://localhost:8888/log-sink/default": Connection refused (Connection refused); nested exception is java.net.ConnectException: Connection refused (Connection refused)
2020-06-11 03:40:17.842  INFO 1 --- [pool-1-thread-1] o.a.k.clients.consumer.ConsumerConfig    : ConsumerConfig values:
	auto.commit.interval.ms = 5000
	auto.offset.reset = latest
	bootstrap.servers = [10.47.250.42:9092]
	check.crcs = true
	client.id =
	connections.max.idle.ms = 540000
	default.api.timeout.ms = 60000
	enable.auto.commit = true
	exclude.internal.topics = true
	fetch.max.bytes = 52428800
	fetch.max.wait.ms = 500
	fetch.min.bytes = 1
	group.id =
	heartbeat.interval.ms = 3000
	interceptor.classes = []
	internal.leave.group.on.close = true
	isolation.level = read_uncommitted
	key.deserializer = class org.apache.kafka.common.serialization.ByteArrayDeserializer
	max.partition.fetch.bytes = 1048576
	max.poll.interval.ms = 300000
	max.poll.records = 500
	metadata.max.age.ms = 300000
	metric.reporters = []
	metrics.num.samples = 2
	metrics.recording.level = INFO
	metrics.sample.window.ms = 30000
	partition.assignment.strategy = [class org.apache.kafka.clients.consumer.RangeAssignor]
	receive.buffer.bytes = 65536
	reconnect.backoff.max.ms = 1000
	reconnect.backoff.ms = 50
	request.timeout.ms = 30000
	retry.backoff.ms = 100
	sasl.client.callback.handler.class = null
	sasl.jaas.config = null
	sasl.kerberos.kinit.cmd = /usr/bin/kinit
	sasl.kerberos.min.time.before.relogin = 60000
	sasl.kerberos.service.name = null
	sasl.kerberos.ticket.renew.jitter = 0.05
	sasl.kerberos.ticket.renew.window.factor = 0.8
	sasl.login.callback.handler.class = null
	sasl.login.class = null
	sasl.login.refresh.buffer.seconds = 300
	sasl.login.refresh.min.period.seconds = 60
	sasl.login.refresh.window.factor = 0.8
	sasl.login.refresh.window.jitter = 0.05
	sasl.mechanism = GSSAPI
	security.protocol = PLAINTEXT
	send.buffer.bytes = 131072
	session.timeout.ms = 10000
	ssl.cipher.suites = null
	ssl.enabled.protocols = [TLSv1.2, TLSv1.1, TLSv1]
	ssl.endpoint.identification.algorithm = https
	ssl.key.password = null
	ssl.keymanager.algorithm = SunX509
	ssl.keystore.location = null
	ssl.keystore.password = null
	ssl.keystore.type = JKS
	ssl.protocol = TLS
	ssl.provider = null
	ssl.secure.random.implementation = null
	ssl.trustmanager.algorithm = PKIX
	ssl.truststore.location = null
	ssl.truststore.password = null
	ssl.truststore.type = JKS
	value.deserializer = class org.apache.kafka.common.serialization.ByteArrayDeserializer

2020-06-11 03:40:19.149  INFO 1 --- [pool-1-thread-1] o.a.kafka.common.utils.AppInfoParser     : Kafka version : 2.0.1
2020-06-11 03:40:19.149  INFO 1 --- [pool-1-thread-1] o.a.kafka.common.utils.AppInfoParser     : Kafka commitId : fa14705e51bd2ce5
2020-06-11 03:40:19.154  INFO 1 --- [pool-1-thread-1] org.apache.kafka.clients.Metadata        : Cluster ID: KuUMJVLiTxqzN9PkzDB0lA