2020-06-11 03:33:09.928  INFO 1 --- [           main] trationDelegate$BeanPostProcessorChecker : Bean 'org.springframework.cloud.autoconfigure.ConfigurationPropertiesRebinderAutoConfiguration' of type [org.springframework.cloud.autoconfigure.ConfigurationPropertiesRebinderAutoConfiguration$$EnhancerBySpringCGLIB$$e03b555c] is not eligible for getting processed by all BeanPostProcessors (for example: not eligible for auto-proxying)

  .   ____          _            __ _ _
 /\\ / ___'_ __ _ _(_)_ __  __ _ \ \ \ \
( ( )\___ | '_ | '_| | '_ \/ _` | \ \ \ \
 \\/  ___)| |_)| | | | | || (_| |  ) ) ) )
  '  |____| .__|_| |_|_| |_\__, | / / / /
 =========|_|==============|___/=/_/_/_/
 :: Spring Boot ::       (v2.1.13.RELEASE)

2020-06-11 03:33:11.339  INFO 1 --- [           main] c.c.c.ConfigServicePropertySourceLocator : Fetching config from server at : http://localhost:8888
2020-06-11 03:33:12.246  INFO 1 --- [           main] c.c.c.ConfigServicePropertySourceLocator : Connect Timeout Exception on Url - http://localhost:8888. Will be trying the next url if available
2020-06-11 03:33:12.247  WARN 1 --- [           main] c.c.c.ConfigServicePropertySourceLocator : Could not locate PropertySource: I/O error on GET request for "http://localhost:8888/time-source/default": Connection refused (Connection refused); nested exception is java.net.ConnectException: Connection refused (Connection refused)
2020-06-11 03:33:12.326  INFO 1 --- [           main] s.c.s.a.t.s.k.TimeSourceKafkaApplication : No active profile set, falling back to default profiles: default
2020-06-11 03:33:22.349  INFO 1 --- [           main] o.s.cloud.context.scope.GenericScope     : BeanFactory id=d9b63527-0f9f-376d-8138-ef9b4dd57cd1
2020-06-11 03:33:22.433  INFO 1 --- [           main] faultConfiguringBeanFactoryPostProcessor : No bean named 'errorChannel' has been explicitly defined. Therefore, a default PublishSubscribeChannel will be created.
2020-06-11 03:33:22.440  INFO 1 --- [           main] faultConfiguringBeanFactoryPostProcessor : No bean named 'taskScheduler' has been explicitly defined. Therefore, a default ThreadPoolTaskScheduler will be created.
2020-06-11 03:33:22.532  INFO 1 --- [           main] faultConfiguringBeanFactoryPostProcessor : No bean named 'integrationHeaderChannelRegistry' has been explicitly defined. Therefore, a default DefaultHeaderChannelRegistry will be created.
2020-06-11 03:33:22.837  INFO 1 --- [           main] trationDelegate$BeanPostProcessorChecker : Bean 'org.springframework.kafka.annotation.KafkaBootstrapConfiguration' of type [org.springframework.kafka.annotation.KafkaBootstrapConfiguration$$EnhancerBySpringCGLIB$$97d363e2] is not eligible for getting processed by all BeanPostProcessors (for example: not eligible for auto-proxying)
2020-06-11 03:33:23.046  INFO 1 --- [           main] trationDelegate$BeanPostProcessorChecker : Bean 'org.springframework.ws.config.annotation.DelegatingWsConfiguration' of type [org.springframework.ws.config.annotation.DelegatingWsConfiguration$$EnhancerBySpringCGLIB$$68b9175e] is not eligible for getting processed by all BeanPostProcessors (for example: not eligible for auto-proxying)
2020-06-11 03:33:23.235  INFO 1 --- [           main] .w.s.a.s.AnnotationActionEndpointMapping : Supporting [WS-Addressing August 2004, WS-Addressing 1.0]
2020-06-11 03:33:23.251  INFO 1 --- [           main] trationDelegate$BeanPostProcessorChecker : Bean 'integrationDisposableAutoCreatedBeans' of type [org.springframework.integration.config.annotation.Disposables] is not eligible for getting processed by all BeanPostProcessors (for example: not eligible for auto-proxying)
2020-06-11 03:33:23.529  INFO 1 --- [           main] trationDelegate$BeanPostProcessorChecker : Bean 'org.springframework.integration.config.IntegrationManagementConfiguration' of type [org.springframework.integration.config.IntegrationManagementConfiguration$$EnhancerBySpringCGLIB$$2f130d8e] is not eligible for getting processed by all BeanPostProcessors (for example: not eligible for auto-proxying)
2020-06-11 03:33:23.545  INFO 1 --- [           main] trationDelegate$BeanPostProcessorChecker : Bean 'org.springframework.boot.autoconfigure.integration.IntegrationAutoConfiguration$IntegrationJmxConfiguration' of type [org.springframework.boot.autoconfigure.integration.IntegrationAutoConfiguration$IntegrationJmxConfiguration$$EnhancerBySpringCGLIB$$aa518ae] is not eligible for getting processed by all BeanPostProcessors (for example: not eligible for auto-proxying)
2020-06-11 03:33:23.645  INFO 1 --- [           main] trationDelegate$BeanPostProcessorChecker : Bean 'org.springframework.boot.autoconfigure.jmx.JmxAutoConfiguration' of type [org.springframework.boot.autoconfigure.jmx.JmxAutoConfiguration$$EnhancerBySpringCGLIB$$438cc17b] is not eligible for getting processed by all BeanPostProcessors (for example: not eligible for auto-proxying)
2020-06-11 03:33:23.732  INFO 1 --- [           main] trationDelegate$BeanPostProcessorChecker : Bean 'mbeanServer' of type [com.sun.jmx.mbeanserver.JmxMBeanServer] is not eligible for getting processed by all BeanPostProcessors (for example: not eligible for auto-proxying)
2020-06-11 03:33:23.831  INFO 1 --- [           main] trationDelegate$BeanPostProcessorChecker : Bean 'org.springframework.cloud.autoconfigure.ConfigurationPropertiesRebinderAutoConfiguration' of type [org.springframework.cloud.autoconfigure.ConfigurationPropertiesRebinderAutoConfiguration$$EnhancerBySpringCGLIB$$e03b555c] is not eligible for getting processed by all BeanPostProcessors (for example: not eligible for auto-proxying)
2020-06-11 03:33:26.137  INFO 1 --- [           main] o.s.b.w.embedded.tomcat.TomcatWebServer  : Tomcat initialized with port(s): 8080 (http)
2020-06-11 03:33:26.333  INFO 1 --- [           main] o.apache.catalina.core.StandardService   : Starting service [Tomcat]
2020-06-11 03:33:26.335  INFO 1 --- [           main] org.apache.catalina.core.StandardEngine  : Starting Servlet engine: [Apache Tomcat/9.0.31]
2020-06-11 03:33:26.934  INFO 1 --- [           main] o.a.c.c.C.[Tomcat].[localhost].[/]       : Initializing Spring embedded WebApplicationContext
2020-06-11 03:33:26.934  INFO 1 --- [           main] o.s.web.context.ContextLoader            : Root WebApplicationContext: initialization completed in 14499 ms
2020-06-11 03:33:30.936  INFO 1 --- [           main] o.s.s.c.ThreadPoolTaskScheduler          : Initializing ExecutorService 'taskScheduler'
2020-06-11 03:33:34.447  INFO 1 --- [           main] o.s.c.s.a.trigger.TriggerConfiguration   : Trigger type: org.springframework.scheduling.support.PeriodicTrigger@90a5
2020-06-11 03:33:36.252  INFO 1 --- [           main] o.s.s.concurrent.ThreadPoolTaskExecutor  : Initializing ExecutorService 'applicationTaskExecutor'
2020-06-11 03:33:38.943  INFO 1 --- [           main] .s.s.UserDetailsServiceAutoConfiguration :

Using generated security password: 8d42de5b-4577-4ec9-ab4b-dbb02772ef2b

2020-06-11 03:33:39.733  INFO 1 --- [           main] o.s.s.web.DefaultSecurityFilterChain     : Creating filter chain: any request, [org.springframework.security.web.context.request.async.WebAsyncManagerIntegrationFilter@1bc715b8, org.springframework.security.web.context.SecurityContextPersistenceFilter@20b5f2ac, org.springframework.security.web.header.HeaderWriterFilter@36676c1a, org.springframework.security.web.csrf.CsrfFilter@9ed238c, org.springframework.security.web.authentication.logout.LogoutFilter@74cadd41, org.springframework.security.web.authentication.UsernamePasswordAuthenticationFilter@5536379e, org.springframework.security.web.authentication.ui.DefaultLoginPageGeneratingFilter@47dbb1e2, org.springframework.security.web.authentication.ui.DefaultLogoutPageGeneratingFilter@292d1c71, org.springframework.security.web.authentication.www.BasicAuthenticationFilter@2364305a, org.springframework.security.web.savedrequest.RequestCacheAwareFilter@7e3060d8, org.springframework.security.web.servletapi.SecurityContextHolderAwareRequestFilter@7b64240d, org.springframework.security.web.authentication.AnonymousAuthenticationFilter@2b491fee, org.springframework.security.web.session.SessionManagementFilter@4d098f9b, org.springframework.security.web.access.ExceptionTranslationFilter@51e8e6e6, org.springframework.security.web.access.intercept.FilterSecurityInterceptor@350ec41e]
2020-06-11 03:33:41.233  INFO 1 --- [           main] o.s.b.a.e.web.EndpointLinksResolver      : Exposing 3 endpoint(s) beneath base path '/actuator'
2020-06-11 03:33:42.546  INFO 1 --- [           main] o.s.i.monitor.IntegrationMBeanExporter   : Registering MessageChannel output
2020-06-11 03:33:43.230  INFO 1 --- [           main] o.s.i.monitor.IntegrationMBeanExporter   : Registering MessageChannel nullChannel
2020-06-11 03:33:43.338  INFO 1 --- [           main] o.s.i.monitor.IntegrationMBeanExporter   : Registering MessageChannel errorChannel
2020-06-11 03:33:43.648  INFO 1 --- [           main] o.s.i.monitor.IntegrationMBeanExporter   : Registering MessageHandler errorLogger
2020-06-11 03:33:43.930  INFO 1 --- [           main] o.s.i.monitor.IntegrationMBeanExporter   : Registering MessageSource org.springframework.cloud.stream.app.time.source.TimeSourceConfiguration.publishTime.inboundChannelAdapter
2020-06-11 03:33:44.050  INFO 1 --- [           main] o.s.i.endpoint.EventDrivenConsumer       : Adding {logging-channel-adapter:_org.springframework.integration.errorLogger} as a subscriber to the 'errorChannel' channel
2020-06-11 03:33:44.051  INFO 1 --- [           main] o.s.i.channel.PublishSubscribeChannel    : Channel 'application-1.errorChannel' has 1 subscriber(s).
2020-06-11 03:33:44.051  INFO 1 --- [           main] o.s.i.endpoint.EventDrivenConsumer       : started _org.springframework.integration.errorLogger
2020-06-11 03:33:44.549  INFO 1 --- [           main] c.c.c.ConfigServicePropertySourceLocator : Fetching config from server at : http://localhost:8888
2020-06-11 03:33:44.629  INFO 1 --- [           main] c.c.c.ConfigServicePropertySourceLocator : Connect Timeout Exception on Url - http://localhost:8888. Will be trying the next url if available
2020-06-11 03:33:44.629  WARN 1 --- [           main] c.c.c.ConfigServicePropertySourceLocator : Could not locate PropertySource: I/O error on GET request for "http://localhost:8888//default": Connection refused (Connection refused); nested exception is java.net.ConnectException: Connection refused (Connection refused)
2020-06-11 03:33:46.131  INFO 1 --- [           main] o.s.c.s.b.k.p.KafkaTopicProvisioner      : Using kafka topic for outbound: pass-through-log-test.time
2020-06-11 03:33:46.137  INFO 1 --- [           main] o.a.k.clients.admin.AdminClientConfig    : AdminClientConfig values:
	bootstrap.servers = [10.47.250.42:9092]
	client.id =
	connections.max.idle.ms = 300000
	metadata.max.age.ms = 300000
	metric.reporters = []
	metrics.num.samples = 2
	metrics.recording.level = INFO
	metrics.sample.window.ms = 30000
	receive.buffer.bytes = 65536
	reconnect.backoff.max.ms = 1000
	reconnect.backoff.ms = 50
	request.timeout.ms = 120000
	retries = 5
	retry.backoff.ms = 100
	sasl.client.callback.handler.class = null
	sasl.jaas.config = null
	sasl.kerberos.kinit.cmd = /usr/bin/kinit
	sasl.kerberos.min.time.before.relogin = 60000
	sasl.kerberos.service.name = null
	sasl.kerberos.ticket.renew.jitter = 0.05
	sasl.kerberos.ticket.renew.window.factor = 0.8
	sasl.login.callback.handler.class = null
	sasl.login.class = null
	sasl.login.refresh.buffer.seconds = 300
	sasl.login.refresh.min.period.seconds = 60
	sasl.login.refresh.window.factor = 0.8
	sasl.login.refresh.window.jitter = 0.05
	sasl.mechanism = GSSAPI
	security.protocol = PLAINTEXT
	send.buffer.bytes = 131072
	ssl.cipher.suites = null
	ssl.enabled.protocols = [TLSv1.2, TLSv1.1, TLSv1]
	ssl.endpoint.identification.algorithm = https
	ssl.key.password = null
	ssl.keymanager.algorithm = SunX509
	ssl.keystore.location = null
	ssl.keystore.password = null
	ssl.keystore.type = JKS
	ssl.protocol = TLS
	ssl.provider = null
	ssl.secure.random.implementation = null
	ssl.trustmanager.algorithm = PKIX
	ssl.truststore.location = null
	ssl.truststore.password = null
	ssl.truststore.type = JKS

2020-06-11 03:33:46.539  INFO 1 --- [           main] o.a.kafka.common.utils.AppInfoParser     : Kafka version : 2.0.1
2020-06-11 03:33:46.539  INFO 1 --- [           main] o.a.kafka.common.utils.AppInfoParser     : Kafka commitId : fa14705e51bd2ce5
2020-06-11 03:33:47.931  INFO 1 --- [           main] o.a.k.clients.producer.ProducerConfig    : ProducerConfig values:
	acks = 1
	batch.size = 16384
	bootstrap.servers = [10.47.250.42:9092]
	buffer.memory = 33554432
	client.id =
	compression.type = none
	connections.max.idle.ms = 540000
	enable.idempotence = false
	interceptor.classes = []
	key.serializer = class org.apache.kafka.common.serialization.ByteArraySerializer
	linger.ms = 0
	max.block.ms = 60000
	max.in.flight.requests.per.connection = 5
	max.request.size = 1048576
	metadata.max.age.ms = 300000
	metric.reporters = []
	metrics.num.samples = 2
	metrics.recording.level = INFO
	metrics.sample.window.ms = 30000
	partitioner.class = class org.apache.kafka.clients.producer.internals.DefaultPartitioner
	receive.buffer.bytes = 32768
	reconnect.backoff.max.ms = 1000
	reconnect.backoff.ms = 50
	request.timeout.ms = 30000
	retries = 0
	retry.backoff.ms = 100
	sasl.client.callback.handler.class = null
	sasl.jaas.config = null
	sasl.kerberos.kinit.cmd = /usr/bin/kinit
	sasl.kerberos.min.time.before.relogin = 60000
	sasl.kerberos.service.name = null
	sasl.kerberos.ticket.renew.jitter = 0.05
	sasl.kerberos.ticket.renew.window.factor = 0.8
	sasl.login.callback.handler.class = null
	sasl.login.class = null
	sasl.login.refresh.buffer.seconds = 300
	sasl.login.refresh.min.period.seconds = 60
	sasl.login.refresh.window.factor = 0.8
	sasl.login.refresh.window.jitter = 0.05
	sasl.mechanism = GSSAPI
	security.protocol = PLAINTEXT
	send.buffer.bytes = 131072
	ssl.cipher.suites = null
	ssl.enabled.protocols = [TLSv1.2, TLSv1.1, TLSv1]
	ssl.endpoint.identification.algorithm = https
	ssl.key.password = null
	ssl.keymanager.algorithm = SunX509
	ssl.keystore.location = null
	ssl.keystore.password = null
	ssl.keystore.type = JKS
	ssl.protocol = TLS
	ssl.provider = null
	ssl.secure.random.implementation = null
	ssl.trustmanager.algorithm = PKIX
	ssl.truststore.location = null
	ssl.truststore.password = null
	ssl.truststore.type = JKS
	transaction.timeout.ms = 60000
	transactional.id = null
	value.serializer = class org.apache.kafka.common.serialization.ByteArraySerializer

2020-06-11 03:33:48.043  INFO 1 --- [           main] o.a.kafka.common.utils.AppInfoParser     : Kafka version : 2.0.1
2020-06-11 03:33:48.043  INFO 1 --- [           main] o.a.kafka.common.utils.AppInfoParser     : Kafka commitId : fa14705e51bd2ce5
2020-06-11 03:33:48.130  INFO 1 --- [ad | producer-1] org.apache.kafka.clients.Metadata        : Cluster ID: KuUMJVLiTxqzN9PkzDB0lA
2020-06-11 03:33:48.133  INFO 1 --- [           main] o.a.k.clients.producer.KafkaProducer     : [Producer clientId=producer-1] Closing the Kafka producer with timeoutMillis = 30000 ms.
2020-06-11 03:33:48.146  INFO 1 --- [           main] o.s.c.s.m.DirectWithAttributesChannel    : Channel 'application-1.output' has 1 subscriber(s).
2020-06-11 03:33:48.150  INFO 1 --- [           main] o.s.i.e.SourcePollingChannelAdapter      : started org.springframework.cloud.stream.app.time.source.TimeSourceConfiguration.publishTime.inboundChannelAdapter
2020-06-11 03:33:48.626  INFO 1 --- [           main] o.s.b.w.embedded.tomcat.TomcatWebServer  : Tomcat started on port(s): 8080 (http) with context path ''
2020-06-11 03:33:48.628  INFO 1 --- [ask-scheduler-1] o.a.k.clients.producer.ProducerConfig    : ProducerConfig values:
	acks = 1
	batch.size = 16384
	bootstrap.servers = [10.47.250.42:9092]
	buffer.memory = 33554432
	client.id =
	compression.type = none
	connections.max.idle.ms = 540000
	enable.idempotence = false
	interceptor.classes = []
	key.serializer = class org.apache.kafka.common.serialization.ByteArraySerializer
	linger.ms = 0
	max.block.ms = 60000
	max.in.flight.requests.per.connection = 5
	max.request.size = 1048576
	metadata.max.age.ms = 300000
	metric.reporters = []
	metrics.num.samples = 2
	metrics.recording.level = INFO
	metrics.sample.window.ms = 30000
	partitioner.class = class org.apache.kafka.clients.producer.internals.DefaultPartitioner
	receive.buffer.bytes = 32768
	reconnect.backoff.max.ms = 1000
	reconnect.backoff.ms = 50
	request.timeout.ms = 30000
	retries = 0
	retry.backoff.ms = 100
	sasl.client.callback.handler.class = null
	sasl.jaas.config = null
	sasl.kerberos.kinit.cmd = /usr/bin/kinit
	sasl.kerberos.min.time.before.relogin = 60000
	sasl.kerberos.service.name = null
	sasl.kerberos.ticket.renew.jitter = 0.05
	sasl.kerberos.ticket.renew.window.factor = 0.8
	sasl.login.callback.handler.class = null
	sasl.login.class = null
	sasl.login.refresh.buffer.seconds = 300
	sasl.login.refresh.min.period.seconds = 60
	sasl.login.refresh.window.factor = 0.8
	sasl.login.refresh.window.jitter = 0.05
	sasl.mechanism = GSSAPI
	security.protocol = PLAINTEXT
	send.buffer.bytes = 131072
	ssl.cipher.suites = null
	ssl.enabled.protocols = [TLSv1.2, TLSv1.1, TLSv1]
	ssl.endpoint.identification.algorithm = https
	ssl.key.password = null
	ssl.keymanager.algorithm = SunX509
	ssl.keystore.location = null
	ssl.keystore.password = null
	ssl.keystore.type = JKS
	ssl.protocol = TLS
	ssl.provider = null
	ssl.secure.random.implementation = null
	ssl.trustmanager.algorithm = PKIX
	ssl.truststore.location = null
	ssl.truststore.password = null
	ssl.truststore.type = JKS
	transaction.timeout.ms = 60000
	transactional.id = null
	value.serializer = class org.apache.kafka.common.serialization.ByteArraySerializer

2020-06-11 03:33:48.637  INFO 1 --- [           main] s.c.s.a.t.s.k.TimeSourceKafkaApplication : Started TimeSourceKafkaApplication in 51.587 seconds (JVM running for 54.739)
2020-06-11 03:33:48.737  INFO 1 --- [ask-scheduler-1] o.a.kafka.common.utils.AppInfoParser     : Kafka version : 2.0.1
2020-06-11 03:33:48.738  INFO 1 --- [ask-scheduler-1] o.a.kafka.common.utils.AppInfoParser     : Kafka commitId : fa14705e51bd2ce5
2020-06-11 03:33:48.757  INFO 1 --- [ad | producer-2] org.apache.kafka.clients.Metadata        : Cluster ID: KuUMJVLiTxqzN9PkzDB0lA
2020-06-11 03:34:43.641  INFO 1 --- [nio-8080-exec-1] o.a.c.c.C.[Tomcat].[localhost].[/]       : Initializing Spring DispatcherServlet 'dispatcherServlet'
2020-06-11 03:34:43.641  INFO 1 --- [nio-8080-exec-1] o.s.web.servlet.DispatcherServlet        : Initializing Servlet 'dispatcherServlet'
2020-06-11 03:34:43.743  INFO 1 --- [nio-8080-exec-1] o.s.web.servlet.DispatcherServlet        : Completed initialization in 102 ms
2020-06-11 03:34:44.230  INFO 1 --- [nio-8080-exec-1] c.c.c.ConfigServicePropertySourceLocator : Fetching config from server at : http://localhost:8888
2020-06-11 03:34:44.249  INFO 1 --- [nio-8080-exec-1] c.c.c.ConfigServicePropertySourceLocator : Connect Timeout Exception on Url - http://localhost:8888. Will be trying the next url if available
2020-06-11 03:34:44.249  WARN 1 --- [nio-8080-exec-1] c.c.c.ConfigServicePropertySourceLocator : Could not locate PropertySource: I/O error on GET request for "http://localhost:8888/time-source/default": Connection refused (Connection refused); nested exception is java.net.ConnectException: Connection refused (Connection refused)
2020-06-11 03:34:44.336  INFO 1 --- [pool-1-thread-1] o.a.k.clients.consumer.ConsumerConfig    : ConsumerConfig values:
	auto.commit.interval.ms = 5000
	auto.offset.reset = latest
	bootstrap.servers = [10.47.250.42:9092]
	check.crcs = true
	client.id =
	connections.max.idle.ms = 540000
	default.api.timeout.ms = 60000
	enable.auto.commit = true
	exclude.internal.topics = true
	fetch.max.bytes = 52428800
	fetch.max.wait.ms = 500
	fetch.min.bytes = 1
	group.id =
	heartbeat.interval.ms = 3000
	interceptor.classes = []
	internal.leave.group.on.close = true
	isolation.level = read_uncommitted
	key.deserializer = class org.apache.kafka.common.serialization.ByteArrayDeserializer
	max.partition.fetch.bytes = 1048576
	max.poll.interval.ms = 300000
	max.poll.records = 500
	metadata.max.age.ms = 300000
	metric.reporters = []
	metrics.num.samples = 2
	metrics.recording.level = INFO
	metrics.sample.window.ms = 30000
	partition.assignment.strategy = [class org.apache.kafka.clients.consumer.RangeAssignor]
	receive.buffer.bytes = 65536
	reconnect.backoff.max.ms = 1000
	reconnect.backoff.ms = 50
	request.timeout.ms = 30000
	retry.backoff.ms = 100
	sasl.client.callback.handler.class = null
	sasl.jaas.config = null
	sasl.kerberos.kinit.cmd = /usr/bin/kinit
	sasl.kerberos.min.time.before.relogin = 60000
	sasl.kerberos.service.name = null
	sasl.kerberos.ticket.renew.jitter = 0.05
	sasl.kerberos.ticket.renew.window.factor = 0.8
	sasl.login.callback.handler.class = null
	sasl.login.class = null
	sasl.login.refresh.buffer.seconds = 300
	sasl.login.refresh.min.period.seconds = 60
	sasl.login.refresh.window.factor = 0.8
	sasl.login.refresh.window.jitter = 0.05
	sasl.mechanism = GSSAPI
	security.protocol = PLAINTEXT
	send.buffer.bytes = 131072
	session.timeout.ms = 10000
	ssl.cipher.suites = null
	ssl.enabled.protocols = [TLSv1.2, TLSv1.1, TLSv1]
	ssl.endpoint.identification.algorithm = https
	ssl.key.password = null
	ssl.keymanager.algorithm = SunX509
	ssl.keystore.location = null
	ssl.keystore.password = null
	ssl.keystore.type = JKS
	ssl.protocol = TLS
	ssl.provider = null
	ssl.secure.random.implementation = null
	ssl.trustmanager.algorithm = PKIX
	ssl.truststore.location = null
	ssl.truststore.password = null
	ssl.truststore.type = JKS
	value.deserializer = class org.apache.kafka.common.serialization.ByteArrayDeserializer

2020-06-11 03:34:46.631  INFO 1 --- [pool-1-thread-1] o.a.kafka.common.utils.AppInfoParser     : Kafka version : 2.0.1
2020-06-11 03:34:46.631  INFO 1 --- [pool-1-thread-1] o.a.kafka.common.utils.AppInfoParser     : Kafka commitId : fa14705e51bd2ce5
2020-06-11 03:34:46.642  INFO 1 --- [pool-1-thread-1] org.apache.kafka.clients.Metadata        : Cluster ID: KuUMJVLiTxqzN9PkzDB0lA